Feb 01 13:44:39 Installed: groff-base-1.22.2-8.el7.x86_64
Feb 01 13:44:39 Installed: 1:perl-parent-0.225-244.el7.noarch
Feb 01 13:44:39 Installed: perl-HTTP-Tiny-0.033-3.el7.noarch
Feb 01 13:44:40 Installed: perl-podlators-2.5.1-3.el7.noarch
Feb 01 13:44:40 Installed: perl-Pod-Perldoc-3.20-4.el7.noarch
Feb 01 13:44:40 Installed: 1:perl-Pod-Escapes-1.04-292.el7.noarch
Feb 01 13:44:40 Installed: perl-Text-ParseWords-3.29-4.el7.noarch
Feb 01 13:44:40 Installed: perl-Encode-2.51-7.el7.x86_64
Feb 01 13:44:40 Installed: perl-Pod-Usage-1.63-3.el7.noarch
Feb 01 13:44:41 Installed: 4:perl-macros-5.16.3-292.el7.x86_64
Feb 01 13:44:41 Installed: 4:perl-libs-5.16.3-292.el7.x86_64
Feb 01 13:44:41 Installed: perl-Storable-2.45-3.el7.x86_64
Feb 01 13:44:41 Installed: perl-Exporter-5.68-3.el7.noarch
Feb 01 13:44:41 Installed: perl-constant-1.27-2.el7.noarch
Feb 01 13:44:41 Installed: perl-Time-Local-1.2300-2.el7.noarch
Feb 01 13:44:41 Installed: perl-Socket-2.010-4.el7.x86_64
Feb 01 13:44:41 Installed: perl-Carp-1.26-244.el7.noarch
Feb 01 13:44:41 Installed: 4:perl-Time-HiRes-1.9725-3.el7.x86_64
Feb 01 13:44:41 Installed: perl-PathTools-3.40-5.el7.x86_64
Feb 01 13:44:42 Installed: perl-Scalar-List-Utils-1.27-248.el7.x86_64
Feb 01 13:44:42 Installed: perl-File-Temp-0.23.01-3.el7.noarch
Feb 01 13:44:42 Installed: perl-File-Path-2.09-2.el7.noarch
Feb 01 13:44:42 Installed: perl-threads-shared-1.43-6.el7.x86_64
Feb 01 13:44:42 Installed: perl-threads-1.87-4.el7.x86_64
Feb 01 13:44:42 Installed: perl-Filter-1.49-3.el7.x86_64
Feb 01 13:44:42 Installed: 1:perl-Pod-Simple-3.28-4.el7.noarch
Feb 01 13:44:42 Installed: perl-Getopt-Long-2.40-2.el7.noarch
Feb 01 13:44:44 Installed: 4:perl-5.16.3-292.el7.x86_64
Feb 01 13:44:46 Installed: 1:mariadb-5.5.56-2.el7.x86_64
Feb 01 15:15:06 Installed: cronie-1.4.11-17.el7.x86_64
Feb 01 15:15:07 Installed: crontabs-1.11-6.20121102git.el7.noarch
Feb 01 15:15:07 Installed: cronie-anacron-1.4.11-17.el7.x86_64
Feb 01 15:15:07 Installed: GeoIP-1.5.0-11.el7.x86_64
Feb 01 15:15:07 Installed: 32:bind-libs-9.9.4-51.el7_4.2.x86_64
Feb 01 15:15:08 Installed: 32:bind-utils-9.9.4-51.el7_4.2.x86_64
Feb 01 15:15:08 Installed: mlocate-0.26-6.el7.x86_64
Feb 01 15:15:08 Installed: net-tools-2.0-0.22.20131004git.el7.x86_64
Feb 01 15:16:53 Installed: 14:libpcap-1.5.3-9.el7.x86_64
Feb 01 15:16:53 Installed: 2:nmap-ncat-6.40-7.el7.x86_64
Feb 01 15:16:54 Installed: 2:nmap-6.40-7.el7.x86_64
Feb 02 01:24:09 Installed: 14:libpcap-1.5.3-9.el7.x86_64
Feb 02 01:24:09 Installed: GeoIP-1.5.0-11.el7.x86_64
Feb 02 01:24:10 Installed: 32:bind-libs-9.9.4-51.el7_4.2.x86_64
Feb 02 01:24:10 Installed: 2:nmap-ncat-6.40-7.el7.x86_64
Feb 02 01:24:11 Installed: 2:nmap-6.40-7.el7.x86_64
Feb 02 01:24:11 Installed: 32:bind-utils-9.9.4-51.el7_4.2.x86_64
Feb 02 01:24:11 Installed: net-tools-2.0-0.22.20131004git.el7.x86_64
Feb 13 02:05:15 Installed: groff-base-1.22.2-8.el7.x86_64
Feb 13 02:05:15 Installed: 1:perl-parent-0.225-244.el7.noarch
Feb 13 02:05:15 Installed: perl-HTTP-Tiny-0.033-3.el7.noarch
Feb 13 02:05:16 Installed: perl-podlators-2.5.1-3.el7.noarch
Feb 13 02:05:16 Installed: perl-Pod-Perldoc-3.20-4.el7.noarch
Feb 13 02:05:16 Installed: 1:perl-Pod-Escapes-1.04-292.el7.noarch
Feb 13 02:05:16 Installed: perl-Text-ParseWords-3.29-4.el7.noarch
Feb 13 02:05:17 Installed: perl-Encode-2.51-7.el7.x86_64
Feb 13 02:05:17 Installed: perl-Pod-Usage-1.63-3.el7.noarch
Feb 13 02:05:17 Installed: 4:perl-macros-5.16.3-292.el7.x86_64
Feb 13 02:05:17 Installed: 4:perl-libs-5.16.3-292.el7.x86_64
Feb 13 02:05:17 Installed: perl-Storable-2.45-3.el7.x86_64
Feb 13 02:05:17 Installed: perl-Exporter-5.68-3.el7.noarch
Feb 13 02:05:17 Installed: perl-constant-1.27-2.el7.noarch
Feb 13 02:05:17 Installed: perl-Time-Local-1.2300-2.el7.noarch
Feb 13 02:05:17 Installed: perl-Socket-2.010-4.el7.x86_64
Feb 13 02:05:17 Installed: perl-Carp-1.26-244.el7.noarch
Feb 13 02:05:17 Installed: 4:perl-Time-HiRes-1.9725-3.el7.x86_64
Feb 13 02:05:18 Installed: perl-PathTools-3.40-5.el7.x86_64
Feb 13 02:05:18 Installed: perl-Scalar-List-Utils-1.27-248.el7.x86_64
Feb 13 02:05:18 Installed: perl-File-Temp-0.23.01-3.el7.noarch
Feb 13 02:05:18 Installed: perl-File-Path-2.09-2.el7.noarch
Feb 13 02:05:18 Installed: perl-threads-shared-1.43-6.el7.x86_64
Feb 13 02:05:18 Installed: perl-threads-1.87-4.el7.x86_64
Feb 13 02:05:18 Installed: perl-Filter-1.49-3.el7.x86_64
Feb 13 02:05:18 Installed: 1:perl-Pod-Simple-3.28-4.el7.noarch
Feb 13 02:05:18 Installed: perl-Getopt-Long-2.40-2.el7.noarch
Feb 13 02:05:20 Installed: 4:perl-5.16.3-292.el7.x86_64
Feb 13 02:05:24 Installed: 1:mariadb-5.5.56-2.el7.x86_64
Feb 13 02:25:10 Installed: 3:traceroute-2.0.22-2.el7.x86_64
Feb 13 03:50:42 Installed: groff-base-1.22.2-8.el7.x86_64
Feb 13 03:50:42 Installed: 1:perl-parent-0.225-244.el7.noarch
Feb 13 03:50:42 Installed: perl-HTTP-Tiny-0.033-3.el7.noarch
Feb 13 03:50:42 Installed: perl-podlators-2.5.1-3.el7.noarch
Feb 13 03:50:42 Installed: perl-Pod-Perldoc-3.20-4.el7.noarch
Feb 13 03:50:42 Installed: 1:perl-Pod-Escapes-1.04-292.el7.noarch
Feb 13 03:50:42 Installed: perl-Text-ParseWords-3.29-4.el7.noarch
Feb 13 03:50:43 Installed: perl-Encode-2.51-7.el7.x86_64
Feb 13 03:50:43 Installed: perl-Pod-Usage-1.63-3.el7.noarch
Feb 13 03:50:43 Installed: 4:perl-macros-5.16.3-292.el7.x86_64
Feb 13 03:50:43 Installed: 4:perl-libs-5.16.3-292.el7.x86_64
Feb 13 03:50:44 Installed: perl-Storable-2.45-3.el7.x86_64
Feb 13 03:50:44 Installed: perl-Exporter-5.68-3.el7.noarch
Feb 13 03:50:44 Installed: perl-constant-1.27-2.el7.noarch
Feb 13 03:50:44 Installed: perl-Time-Local-1.2300-2.el7.noarch
Feb 13 03:50:44 Installed: perl-Socket-2.010-4.el7.x86_64
Feb 13 03:50:44 Installed: perl-Carp-1.26-244.el7.noarch
Feb 13 03:50:44 Installed: 4:perl-Time-HiRes-1.9725-3.el7.x86_64
Feb 13 03:50:44 Installed: perl-PathTools-3.40-5.el7.x86_64
Feb 13 03:50:44 Installed: perl-Scalar-List-Utils-1.27-248.el7.x86_64
Feb 13 03:50:44 Installed: perl-File-Temp-0.23.01-3.el7.noarch
Feb 13 03:50:44 Installed: perl-File-Path-2.09-2.el7.noarch
Feb 13 03:50:44 Installed: perl-threads-shared-1.43-6.el7.x86_64
Feb 13 03:50:44 Installed: perl-threads-1.87-4.el7.x86_64
Feb 13 03:50:44 Installed: perl-Filter-1.49-3.el7.x86_64
Feb 13 03:50:45 Installed: 1:perl-Pod-Simple-3.28-4.el7.noarch
Feb 13 03:50:45 Installed: perl-Getopt-Long-2.40-2.el7.noarch
Feb 13 03:50:47 Installed: 4:perl-5.16.3-292.el7.x86_64
Feb 13 03:50:51 Installed: 1:mariadb-5.5.56-2.el7.x86_64
Feb 20 08:32:27 Installed: gpm-libs-1.20.7-5.el7.x86_64
Feb 20 08:32:28 Installed: groff-base-1.22.2-8.el7.x86_64
Feb 20 08:32:28 Installed: 1:perl-parent-0.225-244.el7.noarch
Feb 20 08:32:28 Installed: perl-HTTP-Tiny-0.033-3.el7.noarch
Feb 20 08:32:28 Installed: perl-podlators-2.5.1-3.el7.noarch
Feb 20 08:32:28 Installed: perl-Pod-Perldoc-3.20-4.el7.noarch
Feb 20 08:32:28 Installed: 1:perl-Pod-Escapes-1.04-292.el7.noarch
Feb 20 08:32:28 Installed: perl-Text-ParseWords-3.29-4.el7.noarch
Feb 20 08:32:29 Installed: perl-Encode-2.51-7.el7.x86_64
Feb 20 08:32:29 Installed: perl-Pod-Usage-1.63-3.el7.noarch
Feb 20 08:32:29 Installed: 4:perl-macros-5.16.3-292.el7.x86_64
Feb 20 08:32:29 Installed: 4:perl-libs-5.16.3-292.el7.x86_64
Feb 20 08:32:30 Installed: perl-Storable-2.45-3.el7.x86_64
Feb 20 08:32:30 Installed: perl-Exporter-5.68-3.el7.noarch
Feb 20 08:32:30 Installed: perl-constant-1.27-2.el7.noarch
Feb 20 08:32:30 Installed: perl-Time-Local-1.2300-2.el7.noarch
Feb 20 08:32:30 Installed: perl-Socket-2.010-4.el7.x86_64
Feb 20 08:32:30 Installed: perl-Carp-1.26-244.el7.noarch
Feb 20 08:32:30 Installed: perl-PathTools-3.40-5.el7.x86_64
Feb 20 08:32:30 Installed: perl-Scalar-List-Utils-1.27-248.el7.x86_64
Feb 20 08:32:30 Installed: perl-File-Temp-0.23.01-3.el7.noarch
Feb 20 08:32:30 Installed: perl-File-Path-2.09-2.el7.noarch
Feb 20 08:32:30 Installed: perl-threads-shared-1.43-6.el7.x86_64
Feb 20 08:32:30 Installed: perl-threads-1.87-4.el7.x86_64
Feb 20 08:32:30 Installed: 4:perl-Time-HiRes-1.9725-3.el7.x86_64
Feb 20 08:32:30 Installed: perl-Filter-1.49-3.el7.x86_64
Feb 20 08:32:31 Installed: 1:perl-Pod-Simple-3.28-4.el7.noarch
Feb 20 08:32:31 Installed: perl-Getopt-Long-2.40-2.el7.noarch
Feb 20 08:32:34 Installed: 4:perl-5.16.3-292.el7.x86_64
Feb 20 08:32:34 Installed: which-2.20-7.el7.x86_64
Feb 20 08:32:35 Installed: 2:vim-filesystem-7.4.160-2.el7.x86_64
Feb 20 08:32:37 Installed: 2:vim-common-7.4.160-2.el7.x86_64
Feb 20 08:32:37 Installed: 2:vim-enhanced-7.4.160-2.el7.x86_64
Feb 20 08:38:52 Installed: psmisc-22.20-15.el7.x86_64
Feb 20 09:52:53 Installed: logrotate-3.8.6-14.el7.x86_64
Feb 20 09:52:53 Installed: libestr-0.1.9-2.el7.x86_64
Feb 20 09:52:54 Installed: libfastjson-0.99.4-2.el7.x86_64
Feb 20 09:52:54 Installed: rsyslog-8.24.0-12.el7.x86_64
