Feb 01 14:46:18 Installed: GeoIP-1.5.0-11.el7.x86_64
Feb 01 14:46:19 Installed: 32:bind-libs-9.9.4-51.el7_4.2.x86_64
Feb 01 14:46:19 Installed: 32:bind-utils-9.9.4-51.el7_4.2.x86_64
Feb 01 14:46:19 Installed: net-tools-2.0-0.22.20131004git.el7.x86_64
Feb 01 14:55:11 Installed: net-tools-2.0-0.22.20131004git.el7.x86_64
Feb 01 14:58:27 Installed: GeoIP-1.5.0-11.el7.x86_64
Feb 01 14:58:27 Installed: 32:bind-libs-9.9.4-51.el7_4.2.x86_64
Feb 01 14:58:27 Installed: 32:bind-utils-9.9.4-51.el7_4.2.x86_64
Feb 01 15:20:51 Installed: GeoIP-1.5.0-11.el7.x86_64
Feb 01 15:20:51 Installed: 32:bind-libs-9.9.4-51.el7_4.2.x86_64
Feb 01 15:20:51 Installed: 32:bind-utils-9.9.4-51.el7_4.2.x86_64
Feb 01 15:20:51 Installed: net-tools-2.0-0.22.20131004git.el7.x86_64
Feb 02 01:35:49 Installed: 14:libpcap-1.5.3-9.el7.x86_64
Feb 02 01:35:49 Installed: GeoIP-1.5.0-11.el7.x86_64
Feb 02 01:35:49 Installed: 32:bind-libs-9.9.4-51.el7_4.2.x86_64
Feb 02 01:35:49 Installed: 2:nmap-ncat-6.40-7.el7.x86_64
Feb 02 01:35:50 Installed: 2:nmap-6.40-7.el7.x86_64
Feb 02 01:35:50 Installed: 32:bind-utils-9.9.4-51.el7_4.2.x86_64
Feb 02 01:35:51 Installed: net-tools-2.0-0.22.20131004git.el7.x86_64
Feb 02 08:18:17 Installed: 3:traceroute-2.0.22-2.el7.x86_64
